Build started 2015-02-01 10:35:28 AM.
     1>Project "C:\Users\Charles\Desktop\nym-in\Nym-In-Host Side\Msvc2012Win\HelloNymi.vcxproj" on node 2 (Build target(s)).
     1>PreBuildEvent:
         copy C:\Users\Charles\Desktop\nym-in\Nym-In-Host Side\Msvc2012Win\..\nclWin\Release\Win32\*.dll C:\Users\Charles\Desktop\nym-in\Nym-In-Host Side\Msvc2012Win\Release\
         :VCEnd
         The system cannot find the file specified.
     1>C:\Program Files (x86)\MSBuild\Microsoft.Cpp\v4.0\V120\Microsoft.CppCommon.targets(122,5): error MSB3073: The command "copy C:\Users\Charles\Desktop\nym-in\Nym-In-Host Side\Msvc2012Win\..\nclWin\Release\Win32\*.dll C:\Users\Charles\Desktop\nym-in\Nym-In-Host Side\Msvc2012Win\Release\
C:\Program Files (x86)\MSBuild\Microsoft.Cpp\v4.0\V120\Microsoft.CppCommon.targets(122,5): error MSB3073: :VCEnd" exited with code 1.
     1>Done Building Project "C:\Users\Charles\Desktop\nym-in\Nym-In-Host Side\Msvc2012Win\HelloNymi.vcxproj" (Build target(s)) -- FAILED.

Build FAILED.

Time Elapsed 00:00:00.27
